<?xml version="1.0" encoding="UTF-8"?>
<coverage generated="1509468288121" clover="3.2.0">
  <project timestamp="1509468288122" name="All files">
    <metrics statements="36" coveredstatements="16" conditionals="2" coveredconditionals="1" methods="7" coveredmethods="3" elements="45" coveredelements="20" complexity="0" loc="36" ncloc="36" packages="2" files="3" classes="3">
      <package name="repositories">
        <metrics statements="33" coveredstatements="13" conditionals="2" coveredconditionals="1" methods="7" coveredmethods="3"/>
        <file name="EntityRepository.js" path="/Users/stevencummings/workspace/api-ecommerce/lib/repositories/EntityRepository.js">
          <metrics statements="33" coveredstatements="13" conditionals="2" coveredconditionals="1" methods="7" coveredmethods="3"/>
          <line num="1" count="1" type="stmt"/>
          <line num="2" count="1" type="stmt"/>
          <line num="6" count="1" type="stmt"/>
          <line num="7" count="1" type="stmt"/>
          <line num="8" count="1" type="cond" truecount="1" falsecount="1"/>
          <line num="12" count="1" type="stmt"/>
          <line num="13" count="1" type="stmt"/>
          <line num="14" count="1" type="stmt"/>
          <line num="16" count="0" type="stmt"/>
          <line num="17" count="0" type="stmt"/>
          <line num="22" count="1" type="stmt"/>
          <line num="23" count="1" type="stmt"/>
          <line num="26" count="1" type="stmt"/>
          <line num="28" count="0" type="stmt"/>
          <line num="29" count="0" type="stmt"/>
          <line num="34" count="0" type="stmt"/>
          <line num="35" count="0" type="stmt"/>
          <line num="36" count="0" type="stmt"/>
          <line num="38" count="0" type="stmt"/>
          <line num="39" count="0" type="stmt"/>
          <line num="44" count="0" type="stmt"/>
          <line num="45" count="0" type="stmt"/>
          <line num="49" count="0" type="stmt"/>
          <line num="51" count="0" type="stmt"/>
          <line num="52" count="0" type="stmt"/>
          <line num="57" count="0" type="stmt"/>
          <line num="58" count="0" type="stmt"/>
          <line num="62" count="0" type="stmt"/>
          <line num="64" count="0" type="stmt"/>
          <line num="65" count="0" type="stmt"/>
          <line num="70" count="0" type="stmt"/>
          <line num="76" count="1" type="stmt"/>
          <line num="78" count="1" type="stmt"/>
        </file>
      </package>
      <package name="utils">
        <metrics statements="3" coveredstatements="3" conditionals="0" coveredconditionals="0" methods="0" coveredmethods="0"/>
        <file name="FunctionUtils.js" path="/Users/stevencummings/workspace/api-ecommerce/lib/utils/FunctionUtils.js">
          <metrics statements="1" coveredstatements="1" conditionals="0" coveredconditionals="0" methods="0" coveredmethods="0"/>
          <line num="1" count="1" type="stmt"/>
        </file>
        <file name="LangUtils.js" path="/Users/stevencummings/workspace/api-ecommerce/lib/utils/LangUtils.js">
          <metrics statements="2" coveredstatements="2" conditionals="0" coveredconditionals="0" methods="0" coveredmethods="0"/>
          <line num="1" count="1" type="stmt"/>
          <line num="3" count="1" type="stmt"/>
        </file>
      </package>
    </metrics>
  </project>
</coverage>
