TN:
SF:/Users/stevencummings/workspace/api-ecommerce/lib/controllers/EntityController.js
FN:4,(anonymous_0)
FN:10,(anonymous_1)
FN:21,(anonymous_2)
FN:35,(anonymous_3)
FN:47,(anonymous_4)
FN:59,(anonymous_5)
FN:71,(anonymous_6)
FN:72,(anonymous_7)
FN:77,(anonymous_8)
FNF:9
FNH:9
FNDA:1,(anonymous_0)
FNDA:2,(anonymous_1)
FNDA:2,(anonymous_2)
FNDA:2,(anonymous_3)
FNDA:2,(anonymous_4)
FNDA:2,(anonymous_5)
FNDA:1,(anonymous_6)
FNDA:5,(anonymous_7)
FNDA:5,(anonymous_8)
DA:1,1
DA:5,1
DA:6,1
DA:7,1
DA:11,2
DA:12,2
DA:15,1
DA:17,1
DA:22,2
DA:23,2
DA:26,1
DA:31,1
DA:36,2
DA:37,2
DA:38,2
DA:41,1
DA:43,1
DA:48,2
DA:49,2
DA:50,2
DA:53,1
DA:55,1
DA:60,2
DA:61,2
DA:62,2
DA:65,1
DA:67,1
DA:72,1
DA:73,5
DA:78,5
DA:79,1
DA:81,4
DA:82,1
DA:84,3
DA:85,1
DA:87,2
DA:88,1
DA:90,1
DA:94,1
LF:39
LH:39
BRDA:78,0,0,1
BRDA:78,0,1,4
BRDA:81,1,0,1
BRDA:81,1,1,3
BRDA:84,2,0,1
BRDA:84,2,1,2
BRDA:87,3,0,1
BRDA:87,3,1,1
BRF:8
BRH:8
end_of_record
